In file included from [01m[K/usr/include/boost/smart_ptr/detail/sp_thread_sleep.hpp:22[m[K,
                 from [01m[K/usr/include/boost/smart_ptr/detail/yield_k.hpp:23[m[K,
                 from [01m[K/usr/include/boost/smart_ptr/detail/spinlock_gcc_atomic.hpp:14[m[K,
                 from [01m[K/usr/include/boost/smart_ptr/detail/spinlock.hpp:42[m[K,
                 from [01m[K/usr/include/boost/smart_ptr/detail/spinlock_pool.hpp:25[m[K,
                 from [01m[K/usr/include/boost/smart_ptr/shared_ptr.hpp:29[m[K,
                 from [01m[K/usr/include/boost/shared_ptr.hpp:17[m[K,
                 from [01m[K/usr/include/boost/date_time/time_clock.hpp:17[m[K,
                 from [01m[K/usr/include/boost/date_time/posix_time/posix_time_types.hpp:10[m[K,
                 from [01m[K/usr/include/boost/asio/time_traits.hpp:23[m[K,
                 from [01m[K/usr/include/boost/asio/detail/timer_queue_ptime.hpp:22[m[K,
                 from [01m[K/usr/include/boost/asio/detail/deadline_timer_service.hpp:29[m[K,
                 from [01m[K/usr/include/boost/asio/basic_deadline_timer.hpp:25[m[K,
                 from [01m[K/usr/include/boost/asio.hpp:25[m[K,
                 from [01m[K/home/husnu/projects/uwb_publisher/uwb_publisher/src/uwb_publisher_node.cpp:3[m[K:
[01m[K/usr/include/boost/bind.hpp:36:1:[m[K [01;36m[Knote: [m[Kâ€˜[01m[K#pragma message: The practice of declaring the Bind placeholders (_1, _2, ...) in the global namespace is deprecated. Please use <boost/bind/bind.hpp> + using namespace boost::placeholders, or define BOOST_BIND_GLOBAL_PLACEHOLDERS to retain the current behavior.[m[Kâ€™
   36 | [01;36m[KBOOST_PRAGMA_MESSAGE[m[K(
      | [01;36m[K^~~~~~~~~~~~~~~~~~~~[m[K
[01m[K/home/husnu/projects/uwb_publisher/uwb_publisher/src/uwb_publisher_node.cpp:[m[K In member function â€˜[01m[Kvoid UWBPublisher::publishData()[m[Kâ€™:
[01m[K/home/husnu/projects/uwb_publisher/uwb_publisher/src/uwb_publisher_node.cpp:25:40:[m[K [01;31m[Kerror: [m[Kâ€˜[01m[Kboost::asio::serial_port[m[Kâ€™ {aka â€˜[01m[Kclass boost::asio::basic_serial_port<>[m[Kâ€™} has no member named â€˜[01m[Kavailable[m[Kâ€™
   25 |         if (serial.is_open() && serial.[01;31m[Kavailable[m[K()) {
      |                                        [01;31m[K^~~~~~~~~[m[K
gmake[2]: *** [CMakeFiles/uwb_publisher_node.dir/build.make:76: CMakeFiles/uwb_publisher_node.dir/src/uwb_publisher_node.cpp.o] Error 1
gmake[1]: *** [CMakeFiles/Makefile2:137: CMakeFiles/uwb_publisher_node.dir/all] Error 2
gmake: *** [Makefile:146: all] Error 2
